0 info it worked if it ends with ok
1 verbose cli [ '/home/vagrant/.nvm/versions/node/v6.3.1/bin/node',
1 verbose cli   '/home/vagrant/.nvm/versions/node/v6.3.1/bin/npm',
1 verbose cli   'start' ]
2 info using npm@4.0.2
3 info using node@v6.3.1
4 verbose run-script [ 'prestart', 'start', 'poststart' ]
5 info lifecycle chatty_server@1.0.0~prestart: chatty_server@1.0.0
6 silly lifecycle chatty_server@1.0.0~prestart: no script for prestart, continuing
7 info lifecycle chatty_server@1.0.0~start: chatty_server@1.0.0
8 verbose lifecycle chatty_server@1.0.0~start: unsafe-perm in lifecycle true
9 verbose lifecycle chatty_server@1.0.0~start: PATH: /home/vagrant/.nvm/versions/node/v6.3.1/lib/node_modules/npm/bin/node-gyp-bin:/vagrant/w5d1/chatty_server/node_modules/.bin:/usr/local/heroku/bin:/home/vagrant/.nvm/versions/node/v6.3.1/bin:/home/vagrant/.rvm/gems/ruby-2.3.0/bin:/home/vagrant/.rvm/gems/ruby-2.3.0@global/bin:/home/vagrant/.rvm/rubies/ruby-2.3.0/bin:/usr/local/sbin:/usr/local/bin:/usr/sbin:/usr/bin:/sbin:/bin:/usr/games:/usr/local/games:/home/vagrant/.rvm/bin:/home/vagrant/.rvm/bin
10 verbose lifecycle chatty_server@1.0.0~start: CWD: /vagrant/w5d1/chatty_server
11 silly lifecycle chatty_server@1.0.0~start: Args: [ '-c', 'node server.js' ]
12 silly lifecycle chatty_server@1.0.0~start: Returned: code: 1  signal: null
13 info lifecycle chatty_server@1.0.0~start: Failed to exec start script
14 verbose stack Error: chatty_server@1.0.0 start: `node server.js`
14 verbose stack Exit status 1
14 verbose stack     at EventEmitter.<anonymous> (/home/vagrant/.nvm/versions/node/v6.3.1/lib/node_modules/npm/lib/utils/lifecycle.js:279:16)
14 verbose stack     at emitTwo (events.js:106:13)
14 verbose stack     at EventEmitter.emit (events.js:191:7)
14 verbose stack     at ChildProcess.<anonymous> (/home/vagrant/.nvm/versions/node/v6.3.1/lib/node_modules/npm/lib/utils/spawn.js:40:14)
14 verbose stack     at emitTwo (events.js:106:13)
14 verbose stack     at ChildProcess.emit (events.js:191:7)
14 verbose stack     at maybeClose (internal/child_process.js:852:16)
14 verbose stack     at Process.ChildProcess._handle.onexit (internal/child_process.js:215:5)
15 verbose pkgid chatty_server@1.0.0
16 verbose cwd /vagrant/w5d1/chatty_server
17 error Linux 4.4.0-21-generic
18 error argv "/home/vagrant/.nvm/versions/node/v6.3.1/bin/node" "/home/vagrant/.nvm/versions/node/v6.3.1/bin/npm" "start"
19 error node v6.3.1
20 error npm  v4.0.2
21 error code ELIFECYCLE
22 error chatty_server@1.0.0 start: `node server.js`
22 error Exit status 1
23 error Failed at the chatty_server@1.0.0 start script 'node server.js'.
23 error Make sure you have the latest version of node.js and npm installed.
23 error If you do, this is most likely a problem with the chatty_server package,
23 error not with npm itself.
23 error Tell the author that this fails on your system:
23 error     node server.js
23 error You can get information on how to open an issue for this project with:
23 error     npm bugs chatty_server
23 error Or if that isn't available, you can get their info via:
23 error     npm owner ls chatty_server
23 error There is likely additional logging output above.
24 verbose exit [ 1, true ]
